<?xml version="1.0" encoding="UTF-8"?>
<!-- Generated by org.testng.reporters.JUnitReportReporter -->
<testsuite skipped="0" hostname="Samir-PC" name="testCases.FlightBookingTest" tests="1" failures="0" timestamp="14 Oct 2018 06:32:35 GMT" time="46.223" errors="0">
  <testcase name="testThatResultsAppearForAOneWayJourney" time="46.223" classname="testCases.FlightBookingTest"/>
</testsuite> <!-- testCases.FlightBookingTest -->
