<?xml version="1.0" encoding="UTF-8"?>
<!-- Generated by org.testng.reporters.JUnitReportReporter -->
<testsuite skipped="0" hostname="Samir-PC" name="SignInTest" tests="1" failures="0" timestamp="13 Oct 2018 09:47:24 GMT" time="40.294" errors="0">
  <testcase name="shouldThrowAnErrorIfSignInDetailsAreMissing" time="40.294" classname="SignInTest"/>
</testsuite> <!-- SignInTest -->
