<?xml version="1.0" encoding="UTF-8"?>
<!-- Generated by org.testng.reporters.JUnitReportReporter -->
<testsuite skipped="0" hostname="Samir-PC" name="FlightBookingTest" tests="1" failures="0" timestamp="13 Oct 2018 09:49:24 GMT" time="40.675" errors="0">
  <testcase name="testThatResultsAppearForAOneWayJourney" time="40.675" classname="FlightBookingTest"/>
</testsuite> <!-- FlightBookingTest -->
