<?xml version="1.0" encoding="UTF-8"?>
<!-- Generated by org.testng.reporters.JUnitReportReporter -->
<testsuite skipped="0" hostname="Samir-PC" name="testCases.HotelBookingTest" tests="1" failures="0" timestamp="14 Oct 2018 06:52:18 GMT" time="57.611" errors="0">
  <testcase name="shouldBeAbleToSearchForHotels" time="57.611" classname="testCases.HotelBookingTest"/>
</testsuite> <!-- testCases.HotelBookingTest -->
