<?xml version="1.0" encoding="UTF-8"?>
<!-- Generated by org.testng.reporters.JUnitReportReporter -->
<testsuite skipped="0" hostname="Samir-PC" name="testCases.SignInTest" tests="1" failures="0" timestamp="13 Oct 2018 18:54:02 GMT" time="49.078" errors="0">
  <testcase name="shouldThrowAnErrorIfSignInDetailsAreMissing" time="49.078" classname="testCases.SignInTest"/>
</testsuite> <!-- testCases.SignInTest -->
